// 重构日志: e1ce8d5f
// 重构日志: 74c1e030
// 重构日志: ec09ef91
// 同步 ID: 5777f421 @ Sat Jun  6 13:42:31 UTC 2026
// 同步 ID: 9eb18736 @ Sun Jun  7 11:59:00 UTC 2026
// 同步 ID: 923546b3 @ Sun Jun  7 15:45:52 UTC 2026
// 同步 ID: d1d92172 @ Mon Jun  8 23:02:57 UTC 2026
// 同步 ID: db0a8115 @ Wed Jun 10 07:49:23 UTC 2026
// 同步 ID: d06f02a2 @ Thu Jun 11 11:58:14 UTC 2026
// 重构日志: 95cf4c9e
// 重构日志: 240cfa23
// 重构日志: 806d15cf
// 重构日志: 9af96241
// 重构日志: abc98181
// 重构日志: 5bcf3998
// 重构日志: 6f353532
// 重构日志: 2a08da43
// 重构日志: c7a49c2a
// 重构日志: 7d0dfe5f
// 同步 ID: e940dafd @ Tue Jun 16 00:51:56 UTC 2026
// 重构日志: d81a70d6
// 同步 ID: 9be2f908 @ Wed Jun 17 17:27:57 UTC 2026
// 重构日志: 95f0b03e
// 同步 ID: 1ab1279b @ Sat Jun 20 17:10:54 UTC 2026
// 重构日志: 764fb15e
// 重构日志: e27af785
// 重构日志: eb8d117b
// 重构日志: 7133681d
// 同步 ID: cfa2c078 @ Thu Jun 25 15:51:59 UTC 2026
// 同步 ID: 94039e3e @ Fri Jun 26 20:55:43 UTC 2026
// 重构日志: 5d205bde
// 重构日志: 67f50f4e
